# JRE version: Java(TM) SE Runtime Environment (7.0_71-b14) (build 1.7.0_71-b14)
# Java VM: Java HotSpot(TM) 64-Bit Server VM (24.71-b01 mixed mode windows-amd64 compressed oops)
Heap
 PSYoungGen      total 169984K, used 98371K [0x00000000f5500000, 0x00000000fff00000, 0x0000000100000000)
  eden space 165888K, 59% used [0x00000000f5500000,0x00000000fb510d08,0x00000000ff700000)
  from space 4096K, 0% used [0x00000000ff700000,0x00000000ff700000,0x00000000ffb00000)
  to   space 4096K, 0% used [0x00000000ffb00000,0x00000000ffb00000,0x00000000fff00000)
 ParOldGen       total 87552K, used 19489K [0x00000000e0000000, 0x00000000e5580000, 0x00000000f5500000)
  object space 87552K, 22% used [0x00000000e0000000,0x00000000e1308508,0x00000000e5580000)
 PSPermGen       total 47104K, used 46716K [0x00000000dae00000, 0x00000000ddc00000, 0x00000000e0000000)
  object space 47104K, 99% used [0x00000000dae00000,0x00000000ddb9f388,0x00000000ddc00000)
GC Heap History (10 events):
Event: 6572.867 GC heap before
{Heap before GC invocations=194 (full 93):
 PSYoungGen      total 169984K, used 3450K [0x00000000f5500000, 0x00000000fff00000, 0x0000000100000000)
  eden space 165888K, 0% used [0x00000000f5500000,0x00000000f5500000,0x00000000ff700000)
  from space 4096K, 84% used [0x00000000ff700000,0x00000000ffa5ea80,0x00000000ffb00000)
  to   space 4096K, 0% used [0x00000000ffb00000,0x00000000ffb00000,0x00000000fff00000)
 ParOldGen       total 87552K, used 19377K [0x00000000e0000000, 0x00000000e5580000, 0x00000000f5500000)
  object space 87552K, 22% used [0x00000000e0000000,0x00000000e12ec460,0x00000000e5580000)
 PSPermGen       total 47104K, used 46482K [0x00000000dae00000, 0x00000000ddc00000, 0x00000000e0000000)
  object space 47104K, 98% used [0x00000000dae00000,0x00000000ddb64b88,0x00000000ddc00000)
Event: 6572.927 GC heap after
Heap after GC invocations=194 (full 93):
 PSYoungGen      total 169984K, used 0K [0x00000000f5500000, 0x00000000fff00000, 0x0000000100000000)
  eden space 165888K, 0% used [0x00000000f5500000,0x00000000f5500000,0x00000000ff700000)
  from space 4096K, 0% used [0x00000000ff700000,0x00000000ff700000,0x00000000ffb00000)
  to   space 4096K, 0% used [0x00000000ffb00000,0x00000000ffb00000,0x00000000fff00000)
 ParOldGen       total 87552K, used 19413K [0x00000000e0000000, 0x00000000e5580000, 0x00000000f5500000)
  object space 87552K, 22% used [0x00000000e0000000,0x00000000e12f5698,0x00000000e5580000)
 PSPermGen       total 47104K, used 46476K [0x00000000dae00000, 0x00000000ddc00000, 0x00000000e0000000)
  object space 47104K, 98% used [0x00000000dae00000,0x00000000ddb633c8,0x00000000ddc00000)
}
Event: 6582.102 GC heap before
{Heap before GC invocations=195 (full 93):
 PSYoungGen      total 169984K, used 108754K [0x00000000f5500000, 0x00000000fff00000, 0x0000000100000000)
  eden space 165888K, 65% used [0x00000000f5500000,0x00000000fbf34a10,0x00000000ff700000)
  from space 4096K, 0% used [0x00000000ff700000,0x00000000ff700000,0x00000000ffb00000)
  to   space 4096K, 0% used [0x00000000ffb00000,0x00000000ffb00000,0x00000000fff00000)
 ParOldGen       total 87552K, used 19413K [0x00000000e0000000, 0x00000000e5580000, 0x00000000f5500000)
  object space 87552K, 22% used [0x00000000e0000000,0x00000000e12f5698,0x00000000e5580000)
 PSPermGen       total 47104K, used 46561K [0x00000000dae00000, 0x00000000ddc00000, 0x00000000e0000000)
  object space 47104K, 98% used [0x00000000dae00000,0x00000000ddb78428,0x00000000ddc00000)
Event: 6582.110 GC heap after
Heap after GC invocations=195 (full 93):
 PSYoungGen      total 169984K, used 3450K [0x00000000f5500000, 0x00000000fff00000, 0x0000000100000000)
  eden space 165888K, 0% used [0x00000000f5500000,0x00000000f5500000,0x00000000ff700000)
  from space 4096K, 84% used [0x00000000ffb00000,0x00000000ffe5ea80,0x00000000fff00000)
  to   space 4096K, 0% used [0x00000000ff700000,0x00000000ff700000,0x00000000ffb00000)
 ParOldGen       total 87552K, used 19421K [0x00000000e0000000, 0x00000000e5580000, 0x00000000f5500000)
  object space 87552K, 22% used [0x00000000e0000000,0x00000000e12f7698,0x00000000e5580000)
 PSPermGen       total 47104K, used 46561K [0x00000000dae00000, 0x00000000ddc00000, 0x00000000e0000000)
  object space 47104K, 98% used [0x00000000dae00000,0x00000000ddb78428,0x00000000ddc00000)
}
Event: 6582.110 GC heap before
{Heap before GC invocations=196 (full 94):
 PSYoungGen      total 169984K, used 3450K [0x00000000f5500000, 0x00000000fff00000, 0x0000000100000000)
  eden space 165888K, 0% used [0x00000000f5500000,0x00000000f5500000,0x00000000ff700000)
  from space 4096K, 84% used [0x00000000ffb00000,0x00000000ffe5ea80,0x00000000fff00000)
  to   space 4096K, 0% used [0x00000000ff700000,0x00000000ff700000,0x00000000ffb00000)
 ParOldGen       total 87552K, used 19421K [0x00000000e0000000, 0x00000000e5580000, 0x00000000f5500000)
  object space 87552K, 22% used [0x00000000e0000000,0x00000000e12f7698,0x00000000e5580000)
 PSPermGen       total 47104K, used 46561K [0x00000000dae00000, 0x00000000ddc00000, 0x00000000e0000000)
  object space 47104K, 98% used [0x00000000dae00000,0x00000000ddb78428,0x00000000ddc00000)
Event: 6582.202 GC heap after
Heap after GC invocations=196 (full 94):
 PSYoungGen      total 169984K, used 0K [0x00000000f5500000, 0x00000000fff00000, 0x0000000100000000)
  eden space 165888K, 0% used [0x00000000f5500000,0x00000000f5500000,0x00000000ff700000)
  from space 4096K, 0% used [0x00000000ffb00000,0x00000000ffb00000,0x00000000fff00000)
  to   space 4096K, 0% used [0x00000000ff700000,0x00000000ff700000,0x00000000ffb00000)
 ParOldGen       total 87552K, used 19451K [0x00000000e0000000, 0x00000000e5580000, 0x00000000f5500000)
  object space 87552K, 22% used [0x00000000e0000000,0x00000000e12fec30,0x00000000e5580000)
 PSPermGen       total 47104K, used 46554K [0x00000000dae00000, 0x00000000ddc00000, 0x00000000e0000000)
  object space 47104K, 98% used [0x00000000dae00000,0x00000000ddb76b48,0x00000000ddc00000)
}
Event: 6596.371 GC heap before
{Heap before GC invocations=197 (full 94):
 PSYoungGen      total 169984K, used 110814K [0x00000000f5500000, 0x00000000fff00000, 0x0000000100000000)
  eden space 165888K, 66% used [0x00000000f5500000,0x00000000fc137818,0x00000000ff700000)
  from space 4096K, 0% used [0x00000000ffb00000,0x00000000ffb00000,0x00000000fff00000)
  to   space 4096K, 0% used [0x00000000ff700000,0x00000000ff700000,0x00000000ffb00000)
 ParOldGen       total 87552K, used 19451K [0x00000000e0000000, 0x00000000e5580000, 0x00000000f5500000)
  object space 87552K, 22% used [0x00000000e0000000,0x00000000e12fec30,0x00000000e5580000)
 PSPermGen       total 47104K, used 46638K [0x00000000dae00000, 0x00000000ddc00000, 0x00000000e0000000)
  object space 47104K, 99% used [0x00000000dae00000,0x00000000ddb8bbf0,0x00000000ddc00000)
Event: 6596.375 GC heap after
Heap after GC invocations=197 (full 94):
 PSYoungGen      total 169984K, used 3411K [0x00000000f5500000, 0x00000000fff00000, 0x0000000100000000)
  eden space 165888K, 0% used [0x00000000f5500000,0x00000000f5500000,0x00000000ff700000)
  from space 4096K, 83% used [0x00000000ff700000,0x00000000ffa54fd8,0x00000000ffb00000)
  to   space 4096K, 0% used [0x00000000ffb00000,0x00000000ffb00000,0x00000000fff00000)
 ParOldGen       total 87552K, used 19451K [0x00000000e0000000, 0x00000000e5580000, 0x00000000f5500000)
  object space 87552K, 22% used [0x00000000e0000000,0x00000000e12fec30,0x00000000e5580000)
 PSPermGen       total 47104K, used 46638K [0x00000000dae00000, 0x00000000ddc00000, 0x00000000e0000000)
  object space 47104K, 99% used [0x00000000dae00000,0x00000000ddb8bbf0,0x00000000ddc00000)
}
Event: 6596.375 GC heap before
{Heap before GC invocations=198 (full 95):
 PSYoungGen      total 169984K, used 3411K [0x00000000f5500000, 0x00000000fff00000, 0x0000000100000000)
  eden space 165888K, 0% used [0x00000000f5500000,0x00000000f5500000,0x00000000ff700000)
  from space 4096K, 83% used [0x00000000ff700000,0x00000000ffa54fd8,0x00000000ffb00000)
  to   space 4096K, 0% used [0x00000000ffb00000,0x00000000ffb00000,0x00000000fff00000)
 ParOldGen       total 87552K, used 19451K [0x00000000e0000000, 0x00000000e5580000, 0x00000000f5500000)
  object space 87552K, 22% used [0x00000000e0000000,0x00000000e12fec30,0x00000000e5580000)
 PSPermGen       total 47104K, used 46638K [0x00000000dae00000, 0x00000000ddc00000, 0x00000000e0000000)
  object space 47104K, 99% used [0x00000000dae00000,0x00000000ddb8bbf0,0x00000000ddc00000)
Event: 6596.436 GC heap after
Heap after GC invocations=198 (full 95):
 PSYoungGen      total 169984K, used 0K [0x00000000f5500000, 0x00000000fff00000, 0x0000000100000000)
  eden space 165888K, 0% used [0x00000000f5500000,0x00000000f5500000,0x00000000ff700000)
  from space 4096K, 0% used [0x00000000ff700000,0x00000000ff700000,0x00000000ffb00000)
  to   space 4096K, 0% used [0x00000000ffb00000,0x00000000ffb00000,0x00000000fff00000)
 ParOldGen       total 87552K, used 19489K [0x00000000e0000000, 0x00000000e5580000, 0x00000000f5500000)
  object space 87552K, 22% used [0x00000000e0000000,0x00000000e1308508,0x00000000e5580000)
 PSPermGen       total 47104K, used 46632K [0x00000000dae00000, 0x00000000ddc00000, 0x00000000e0000000)
  object space 47104K, 98% used [0x00000000dae00000,0x00000000ddb8a2f8,0x00000000ddc00000)
}

